<?xml version="1.0" encoding="UTF-8"?>
<coverage generated="1524095696602" clover="3.2.0">
  <project timestamp="1524095696602" name="All files">
    <metrics statements="50" coveredstatements="48" conditionals="77" coveredconditionals="61" methods="11" coveredmethods="9" elements="138" coveredelements="118" complexity="0" loc="50" ncloc="50" packages="3" files="5" classes="5">
      <package name="client">
        <metrics statements="48" coveredstatements="46" conditionals="77" coveredconditionals="61" methods="11" coveredmethods="9"/>
        <file name="Details.jsx" path="/Users/zhujohnny/Dropbox/_Engineering/welp-restaurant-details/client/Details.jsx">
          <metrics statements="28" coveredstatements="26" conditionals="59" coveredconditionals="48" methods="8" coveredmethods="6"/>
          <line num="4" count="1" type="stmt"/>
          <line num="5" count="1" type="cond" truecount="2" falsecount="0"/>
          <line num="8" count="1" type="cond" truecount="2" falsecount="0"/>
          <line num="11" count="1" type="cond" truecount="2" falsecount="0"/>
          <line num="14" count="1" type="cond" truecount="2" falsecount="0"/>
          <line num="17" count="1" type="cond" truecount="2" falsecount="0"/>
          <line num="20" count="1" type="cond" truecount="2" falsecount="0"/>
          <line num="23" count="1" type="cond" truecount="2" falsecount="0"/>
          <line num="26" count="1" type="cond" truecount="2" falsecount="0"/>
          <line num="29" count="1" type="cond" truecount="2" falsecount="0"/>
          <line num="32" count="1" type="cond" truecount="2" falsecount="0"/>
          <line num="35" count="1" type="cond" truecount="2" falsecount="0"/>
          <line num="41" count="1" type="cond" truecount="2" falsecount="0"/>
          <line num="47" count="1" type="cond" truecount="2" falsecount="0"/>
          <line num="53" count="1" type="cond" truecount="2" falsecount="0"/>
          <line num="58" count="3" type="cond" truecount="2" falsecount="0"/>
          <line num="63" count="1" type="cond" truecount="3" falsecount="0"/>
          <line num="69" count="6" type="stmt"/>
          <line num="70" count="2" type="stmt"/>
          <line num="75" count="1" type="cond" truecount="3" falsecount="0"/>
          <line num="81" count="9" type="stmt"/>
          <line num="82" count="2" type="stmt"/>
          <line num="87" count="1" type="cond" truecount="2" falsecount="1"/>
          <line num="93" count="0" type="stmt"/>
          <line num="94" count="0" type="stmt"/>
          <line num="99" count="1" type="stmt"/>
          <line num="123" count="1" type="stmt"/>
          <line num="168" count="1" type="stmt"/>
        </file>
        <file name="Hours.jsx" path="/Users/zhujohnny/Dropbox/_Engineering/welp-restaurant-details/client/Hours.jsx">
          <metrics statements="13" coveredstatements="13" conditionals="10" coveredconditionals="8" methods="2" coveredmethods="2"/>
          <line num="5" count="1" type="stmt"/>
          <line num="11" count="1" type="stmt"/>
          <line num="12" count="2" type="stmt"/>
          <line num="17" count="14" type="stmt"/>
          <line num="18" count="14" type="cond" truecount="2" falsecount="0"/>
          <line num="21" count="14" type="cond" truecount="1" falsecount="1"/>
          <line num="22" count="14" type="stmt"/>
          <line num="23" count="14" type="cond" truecount="2" falsecount="0"/>
          <line num="26" count="2" type="cond" truecount="1" falsecount="1"/>
          <line num="27" count="2" type="stmt"/>
          <line num="28" count="2" type="stmt"/>
          <line num="30" count="14" type="stmt"/>
          <line num="44" count="1" type="stmt"/>
        </file>
        <file name="Summary.jsx" path="/Users/zhujohnny/Dropbox/_Engineering/welp-restaurant-details/client/Summary.jsx">
          <metrics statements="7" coveredstatements="7" conditionals="8" coveredconditionals="5" methods="1" coveredmethods="1"/>
          <line num="4" count="1" type="stmt"/>
          <line num="12" count="1" type="stmt"/>
          <line num="13" count="1" type="cond" truecount="1" falsecount="1"/>
          <line num="23" count="1" type="cond" truecount="2" falsecount="0"/>
          <line num="26" count="1" type="cond" truecount="2" falsecount="0"/>
          <line num="29" count="1" type="stmt"/>
          <line num="38" count="1" type="stmt"/>
        </file>
      </package>
      <package name="spec">
        <metrics statements="1" coveredstatements="1" conditionals="0" coveredconditionals="0" methods="0" coveredmethods="0"/>
        <file name="setupTests.js" path="/Users/zhujohnny/Dropbox/_Engineering/welp-restaurant-details/spec/setupTests.js">
          <metrics statements="1" coveredstatements="1" conditionals="0" coveredconditionals="0" methods="0" coveredmethods="0"/>
          <line num="4" count="3" type="stmt"/>
        </file>
      </package>
      <package name="spec.data">
        <metrics statements="1" coveredstatements="1" conditionals="0" coveredconditionals="0" methods="0" coveredmethods="0"/>
        <file name="exampleSingleEntryRestaurantInfo.js" path="/Users/zhujohnny/Dropbox/_Engineering/welp-restaurant-details/spec/data/exampleSingleEntryRestaurantInfo.js">
          <metrics statements="1" coveredstatements="1" conditionals="0" coveredconditionals="0" methods="0" coveredmethods="0"/>
          <line num="1" count="3" type="stmt"/>
        </file>
      </package>
    </metrics>
  </project>
</coverage>
