{"/Users/zhujohnny/Dropbox/_Engineering/welp-restaurant-details/client/Details.jsx": {"path":"/Users/zhujohnny/Dropbox/_Engineering/welp-restaurant-details/client/Details.jsx","statementMap":{"0":{"start":{"line":4,"column":16},"end":{"line":121,"column":1}},"1":{"start":{"line":5,"column":17},"end":{"line":6,"column":80}},"2":{"start":{"line":8,"column":16},"end":{"line":9,"column":79}},"3":{"start":{"line":11,"column":35},"end":{"line":12,"column":107}},"4":{"start":{"line":14,"column":34},"end":{"line":15,"column":109}},"5":{"start":{"line":17,"column":25},"end":{"line":18,"column":97}},"6":{"start":{"line":20,"column":37},"end":{"line":21,"column":114}},"7":{"start":{"line":23,"column":22},"end":{"line":24,"column":91}},"8":{"start":{"line":26,"column":30},"end":{"line":27,"column":95}},"9":{"start":{"line":29,"column":29},"end":{"line":30,"column":94}},"10":{"start":{"line":32,"column":22},"end":{"line":33,"column":92}},"11":{"start":{"line":35,"column":21},"end":{"line":39,"column":9}},"12":{"start":{"line":41,"column":15},"end":{"line":45,"column":9}},"13":{"start":{"line":47,"column":28},"end":{"line":51,"column":9}},"14":{"start":{"line":53,"column":18},"end":{"line":61,"column":9}},"15":{"start":{"line":58,"column":22},"end":{"line":58,"column":91}},"16":{"start":{"line":63,"column":22},"end":{"line":73,"column":9}},"17":{"start":{"line":69,"column":24},"end":{"line":69,"column":60}},"18":{"start":{"line":70,"column":21},"end":{"line":70,"column":65}},"19":{"start":{"line":75,"column":19},"end":{"line":85,"column":11}},"20":{"start":{"line":81,"column":26},"end":{"line":81,"column":59}},"21":{"start":{"line":82,"column":23},"end":{"line":82,"column":67}},"22":{"start":{"line":87,"column":26},"end":{"line":97,"column":11}},"23":{"start":{"line":93,"column":26},"end":{"line":93,"column":66}},"24":{"start":{"line":94,"column":23},"end":{"line":94,"column":67}},"25":{"start":{"line":99,"column":2},"end":{"line":120,"column":4}},"26":{"start":{"line":123,"column":0},"end":{"line":166,"column":2}},"27":{"start":{"line":168,"column":0},"end":{"line":170,"column":2}}},"fnMap":{"0":{"name":"(anonymous_0)","decl":{"start":{"line":4,"column":16},"end":{"line":4,"column":17}},"loc":{"start":{"line":4,"column":27},"end":{"line":121,"column":1}},"line":4},"1":{"name":"(anonymous_1)","decl":{"start":{"line":58,"column":13},"end":{"line":58,"column":14}},"loc":{"start":{"line":58,"column":22},"end":{"line":58,"column":91}},"line":58},"2":{"name":"(anonymous_2)","decl":{"start":{"line":69,"column":16},"end":{"line":69,"column":17}},"loc":{"start":{"line":69,"column":24},"end":{"line":69,"column":60}},"line":69},"3":{"name":"(anonymous_3)","decl":{"start":{"line":70,"column":13},"end":{"line":70,"column":14}},"loc":{"start":{"line":70,"column":21},"end":{"line":70,"column":65}},"line":70},"4":{"name":"(anonymous_4)","decl":{"start":{"line":81,"column":18},"end":{"line":81,"column":19}},"loc":{"start":{"line":81,"column":26},"end":{"line":81,"column":59}},"line":81},"5":{"name":"(anonymous_5)","decl":{"start":{"line":82,"column":15},"end":{"line":82,"column":16}},"loc":{"start":{"line":82,"column":23},"end":{"line":82,"column":67}},"line":82},"6":{"name":"(anonymous_6)","decl":{"start":{"line":93,"column":18},"end":{"line":93,"column":19}},"loc":{"start":{"line":93,"column":26},"end":{"line":93,"column":66}},"line":93},"7":{"name":"(anonymous_7)","decl":{"start":{"line":94,"column":15},"end":{"line":94,"column":16}},"loc":{"start":{"line":94,"column":23},"end":{"line":94,"column":67}},"line":94}},"branchMap":{"0":{"loc":{"start":{"line":5,"column":17},"end":{"line":6,"column":80}},"type":"binary-expr","locations":[{"start":{"line":5,"column":18},"end":{"line":5,"column":46}},{"start":{"line":6,"column":4},"end":{"line":6,"column":80}}],"line":5},"1":{"loc":{"start":{"line":6,"column":30},"end":{"line":6,"column":68}},"type":"cond-expr","locations":[{"start":{"line":6,"column":56},"end":{"line":6,"column":61}},{"start":{"line":6,"column":64},"end":{"line":6,"column":68}}],"line":6},"2":{"loc":{"start":{"line":8,"column":16},"end":{"line":9,"column":79}},"type":"binary-expr","locations":[{"start":{"line":8,"column":17},"end":{"line":8,"column":44}},{"start":{"line":9,"column":4},"end":{"line":9,"column":79}}],"line":8},"3":{"loc":{"start":{"line":9,"column":30},"end":{"line":9,"column":67}},"type":"cond-expr","locations":[{"start":{"line":9,"column":55},"end":{"line":9,"column":60}},{"start":{"line":9,"column":63},"end":{"line":9,"column":67}}],"line":9},"4":{"loc":{"start":{"line":11,"column":35},"end":{"line":12,"column":107}},"type":"binary-expr","locations":[{"start":{"line":11,"column":36},"end":{"line":11,"column":82}},{"start":{"line":12,"column":4},"end":{"line":12,"column":107}}],"line":11},"5":{"loc":{"start":{"line":12,"column":39},"end":{"line":12,"column":95}},"type":"cond-expr","locations":[{"start":{"line":12,"column":83},"end":{"line":12,"column":88}},{"start":{"line":12,"column":91},"end":{"line":12,"column":95}}],"line":12},"6":{"loc":{"start":{"line":14,"column":34},"end":{"line":15,"column":109}},"type":"binary-expr","locations":[{"start":{"line":14,"column":35},"end":{"line":14,"column":80}},{"start":{"line":15,"column":4},"end":{"line":15,"column":109}}],"line":14},"7":{"loc":{"start":{"line":15,"column":42},"end":{"line":15,"column":97}},"type":"cond-expr","locations":[{"start":{"line":15,"column":85},"end":{"line":15,"column":90}},{"start":{"line":15,"column":93},"end":{"line":15,"column":97}}],"line":15},"8":{"loc":{"start":{"line":17,"column":25},"end":{"line":18,"column":97}},"type":"binary-expr","locations":[{"start":{"line":17,"column":26},"end":{"line":17,"column":62}},{"start":{"line":18,"column":4},"end":{"line":18,"column":97}}],"line":17},"9":{"loc":{"start":{"line":18,"column":39},"end":{"line":18,"column":85}},"type":"cond-expr","locations":[{"start":{"line":18,"column":73},"end":{"line":18,"column":78}},{"start":{"line":18,"column":81},"end":{"line":18,"column":85}}],"line":18},"10":{"loc":{"start":{"line":20,"column":37},"end":{"line":21,"column":114}},"type":"binary-expr","locations":[{"start":{"line":20,"column":38},"end":{"line":20,"column":86}},{"start":{"line":21,"column":4},"end":{"line":21,"column":114}}],"line":20},"11":{"loc":{"start":{"line":21,"column":44},"end":{"line":21,"column":102}},"type":"cond-expr","locations":[{"start":{"line":21,"column":90},"end":{"line":21,"column":95}},{"start":{"line":21,"column":98},"end":{"line":21,"column":102}}],"line":21},"12":{"loc":{"start":{"line":23,"column":22},"end":{"line":24,"column":91}},"type":"binary-expr","locations":[{"start":{"line":23,"column":23},"end":{"line":23,"column":56}},{"start":{"line":24,"column":4},"end":{"line":24,"column":91}}],"line":23},"13":{"loc":{"start":{"line":24,"column":36},"end":{"line":24,"column":79}},"type":"cond-expr","locations":[{"start":{"line":24,"column":67},"end":{"line":24,"column":72}},{"start":{"line":24,"column":75},"end":{"line":24,"column":79}}],"line":24},"14":{"loc":{"start":{"line":26,"column":30},"end":{"line":27,"column":95}},"type":"binary-expr","locations":[{"start":{"line":26,"column":31},"end":{"line":26,"column":72}},{"start":{"line":27,"column":4},"end":{"line":27,"column":95}}],"line":26},"15":{"loc":{"start":{"line":27,"column":32},"end":{"line":27,"column":83}},"type":"cond-expr","locations":[{"start":{"line":27,"column":71},"end":{"line":27,"column":76}},{"start":{"line":27,"column":79},"end":{"line":27,"column":83}}],"line":27},"16":{"loc":{"start":{"line":29,"column":29},"end":{"line":30,"column":94}},"type":"binary-expr","locations":[{"start":{"line":29,"column":30},"end":{"line":29,"column":70}},{"start":{"line":30,"column":4},"end":{"line":30,"column":94}}],"line":29},"17":{"loc":{"start":{"line":30,"column":32},"end":{"line":30,"column":82}},"type":"cond-expr","locations":[{"start":{"line":30,"column":70},"end":{"line":30,"column":75}},{"start":{"line":30,"column":78},"end":{"line":30,"column":82}}],"line":30},"18":{"loc":{"start":{"line":32,"column":22},"end":{"line":33,"column":92}},"type":"binary-expr","locations":[{"start":{"line":32,"column":23},"end":{"line":32,"column":56}},{"start":{"line":33,"column":4},"end":{"line":33,"column":92}}],"line":32},"19":{"loc":{"start":{"line":33,"column":37},"end":{"line":33,"column":80}},"type":"cond-expr","locations":[{"start":{"line":33,"column":68},"end":{"line":33,"column":73}},{"start":{"line":33,"column":76},"end":{"line":33,"column":80}}],"line":33},"20":{"loc":{"start":{"line":35,"column":21},"end":{"line":39,"column":9}},"type":"binary-expr","locations":[{"start":{"line":35,"column":22},"end":{"line":35,"column":54}},{"start":{"line":36,"column":4},"end":{"line":39,"column":9}}],"line":35},"21":{"loc":{"start":{"line":41,"column":15},"end":{"line":45,"column":9}},"type":"binary-expr","locations":[{"start":{"line":41,"column":16},"end":{"line":41,"column":42}},{"start":{"line":42,"column":4},"end":{"line":45,"column":9}}],"line":41},"22":{"loc":{"start":{"line":47,"column":28},"end":{"line":51,"column":9}},"type":"binary-expr","locations":[{"start":{"line":47,"column":29},"end":{"line":47,"column":68}},{"start":{"line":48,"column":4},"end":{"line":51,"column":9}}],"line":47},"23":{"loc":{"start":{"line":53,"column":18},"end":{"line":61,"column":9}},"type":"binary-expr","locations":[{"start":{"line":53,"column":19},"end":{"line":53,"column":48}},{"start":{"line":54,"column":4},"end":{"line":61,"column":9}}],"line":53},"24":{"loc":{"start":{"line":58,"column":22},"end":{"line":58,"column":91}},"type":"cond-expr","locations":[{"start":{"line":58,"column":41},"end":{"line":58,"column":44}},{"start":{"line":58,"column":47},"end":{"line":58,"column":91}}],"line":58},"25":{"loc":{"start":{"line":63,"column":22},"end":{"line":73,"column":9}},"type":"binary-expr","locations":[{"start":{"line":63,"column":23},"end":{"line":63,"column":56}},{"start":{"line":64,"column":3},"end":{"line":64,"column":61}},{"start":{"line":65,"column":4},"end":{"line":73,"column":9}}],"line":63},"26":{"loc":{"start":{"line":75,"column":19},"end":{"line":85,"column":11}},"type":"binary-expr","locations":[{"start":{"line":75,"column":20},"end":{"line":75,"column":50}},{"start":{"line":76,"column":5},"end":{"line":76,"column":60}},{"start":{"line":77,"column":6},"end":{"line":85,"column":11}}],"line":75},"27":{"loc":{"start":{"line":87,"column":26},"end":{"line":97,"column":11}},"type":"binary-expr","locations":[{"start":{"line":87,"column":27},"end":{"line":87,"column":64}},{"start":{"line":88,"column":5},"end":{"line":88,"column":67}},{"start":{"line":89,"column":6},"end":{"line":97,"column":11}}],"line":87}},"s":{"0":1,"1":1,"2":1,"3":1,"4":1,"5":1,"6":1,"7":1,"8":1,"9":1,"10":1,"11":1,"12":1,"13":1,"14":1,"15":3,"16":1,"17":6,"18":2,"19":1,"20":9,"21":2,"22":1,"23":5,"24":1,"25":1,"26":1,"27":1},"f":{"0":1,"1":3,"2":6,"3":2,"4":9,"5":2,"6":5,"7":1},"b":{"0":[1,1],"1":[0,1],"2":[1,1],"3":[1,0],"4":[1,1],"5":[1,0],"6":[1,1],"7":[1,0],"8":[1,1],"9":[0,1],"10":[1,1],"11":[1,0],"12":[1,1],"13":[1,0],"14":[1,1],"15":[0,1],"16":[1,1],"17":[1,0],"18":[1,1],"19":[1,0],"20":[1,1],"21":[1,1],"22":[1,1],"23":[1,1],"24":[1,2],"25":[1,1,1],"26":[1,1,1],"27":[1,1,1]},"_coverageSchema":"332fd63041d2c1bcb487cc26dd0d5f7d97098a6c","hash":"4563c931051d0a6a4580c637bb33f474798ffcf9"}
,"/Users/zhujohnny/Dropbox/_Engineering/welp-restaurant-details/client/Hours.jsx": {"path":"/Users/zhujohnny/Dropbox/_Engineering/welp-restaurant-details/client/Hours.jsx","statementMap":{"0":{"start":{"line":5,"column":19},"end":{"line":9,"column":1}},"1":{"start":{"line":12,"column":14},"end":{"line":46,"column":1}},"2":{"start":{"line":13,"column":2},"end":{"line":45,"column":8}},"3":{"start":{"line":18,"column":23},"end":{"line":18,"column":90}},"4":{"start":{"line":19,"column":24},"end":{"line":21,"column":79}},"5":{"start":{"line":22,"column":28},"end":{"line":22,"column":134}},"6":{"start":{"line":23,"column":10},"end":{"line":29,"column":11}},"7":{"start":{"line":26,"column":12},"end":{"line":26,"column":41}},"8":{"start":{"line":27,"column":12},"end":{"line":27,"column":45}},"9":{"start":{"line":28,"column":12},"end":{"line":28,"column":64}},"10":{"start":{"line":30,"column":10},"end":{"line":40,"column":12}},"11":{"start":{"line":48,"column":0},"end":{"line":58,"column":2}}},"fnMap":{"0":{"name":"(anonymous_0)","decl":{"start":{"line":12,"column":14},"end":{"line":12,"column":15}},"loc":{"start":{"line":13,"column":2},"end":{"line":45,"column":8}},"line":13},"1":{"name":"(anonymous_1)","decl":{"start":{"line":17,"column":93},"end":{"line":17,"column":94}},"loc":{"start":{"line":17,"column":108},"end":{"line":41,"column":11}},"line":17}},"branchMap":{"0":{"loc":{"start":{"line":19,"column":24},"end":{"line":21,"column":79}},"type":"cond-expr","locations":[{"start":{"line":20,"column":12},"end":{"line":20,"column":94}},{"start":{"line":21,"column":12},"end":{"line":21,"column":79}}],"line":19},"1":{"loc":{"start":{"line":22,"column":28},"end":{"line":22,"column":134}},"type":"cond-expr","locations":[{"start":{"line":22,"column":71},"end":{"line":22,"column":77}},{"start":{"line":22,"column":80},"end":{"line":22,"column":134}}],"line":22},"2":{"loc":{"start":{"line":23,"column":10},"end":{"line":29,"column":11}},"type":"if","locations":[{"start":{"line":23,"column":10},"end":{"line":29,"column":11}},{"start":{"line":23,"column":10},"end":{"line":29,"column":11}}],"line":23},"3":{"loc":{"start":{"line":34,"column":16},"end":{"line":38,"column":15}},"type":"binary-expr","locations":[{"start":{"line":34,"column":16},"end":{"line":34,"column":46}},{"start":{"line":35,"column":16},"end":{"line":37,"column":61}}],"line":34},"4":{"loc":{"start":{"line":35,"column":16},"end":{"line":37,"column":61}},"type":"cond-expr","locations":[{"start":{"line":36,"column":18},"end":{"line":36,"column":58}},{"start":{"line":37,"column":18},"end":{"line":37,"column":61}}],"line":35}},"s":{"0":1,"1":1,"2":2,"3":14,"4":14,"5":14,"6":14,"7":2,"8":2,"9":2,"10":14,"11":1},"f":{"0":2,"1":14},"b":{"0":[4,10],"1":[0,14],"2":[2,12],"3":[14,2],"4":[0,2]},"_coverageSchema":"332fd63041d2c1bcb487cc26dd0d5f7d97098a6c","hash":"4bd8eb791c2e529390429116d2882e9f93a2f3e1"}
,"/Users/zhujohnny/Dropbox/_Engineering/welp-restaurant-details/client/Summary.jsx": {"path":"/Users/zhujohnny/Dropbox/_Engineering/welp-restaurant-details/client/Summary.jsx","statementMap":{"0":{"start":{"line":4,"column":15},"end":{"line":9,"column":1}},"1":{"start":{"line":12,"column":16},"end":{"line":39,"column":1}},"2":{"start":{"line":13,"column":16},"end":{"line":24,"column":10}},"3":{"start":{"line":26,"column":15},"end":{"line":27,"column":62}},"4":{"start":{"line":29,"column":16},"end":{"line":30,"column":92}},"5":{"start":{"line":32,"column":2},"end":{"line":38,"column":4}},"6":{"start":{"line":41,"column":0},"end":{"line":48,"column":13}}},"fnMap":{"0":{"name":"(anonymous_0)","decl":{"start":{"line":12,"column":16},"end":{"line":12,"column":17}},"loc":{"start":{"line":12,"column":27},"end":{"line":39,"column":1}},"line":12}},"branchMap":{"0":{"loc":{"start":{"line":13,"column":16},"end":{"line":24,"column":10}},"type":"binary-expr","locations":[{"start":{"line":13,"column":17},"end":{"line":13,"column":45}},{"start":{"line":14,"column":4},"end":{"line":24,"column":10}}],"line":13},"1":{"loc":{"start":{"line":18,"column":12},"end":{"line":20,"column":57}},"type":"cond-expr","locations":[{"start":{"line":19,"column":12},"end":{"line":19,"column":54}},{"start":{"line":20,"column":12},"end":{"line":20,"column":57}}],"line":18},"2":{"loc":{"start":{"line":26,"column":15},"end":{"line":27,"column":62}},"type":"binary-expr","locations":[{"start":{"line":26,"column":16},"end":{"line":26,"column":49}},{"start":{"line":27,"column":4},"end":{"line":27,"column":62}}],"line":26},"3":{"loc":{"start":{"line":29,"column":16},"end":{"line":30,"column":92}},"type":"binary-expr","locations":[{"start":{"line":29,"column":17},"end":{"line":29,"column":51}},{"start":{"line":30,"column":4},"end":{"line":30,"column":92}}],"line":29}},"s":{"0":1,"1":1,"2":1,"3":1,"4":1,"5":1,"6":1},"f":{"0":1},"b":{"0":[1,0],"1":[0,0],"2":[1,1],"3":[1,1]},"_coverageSchema":"332fd63041d2c1bcb487cc26dd0d5f7d97098a6c","hash":"442e754f21c9cbff3f926ad5a10f1b8bd80f2cb1"}
,"/Users/zhujohnny/Dropbox/_Engineering/welp-restaurant-details/spec/setupTests.js": {"path":"/Users/zhujohnny/Dropbox/_Engineering/welp-restaurant-details/spec/setupTests.js","statementMap":{"0":{"start":{"line":4,"column":0},"end":{"line":4,"column":45}}},"fnMap":{},"branchMap":{},"s":{"0":3},"f":{},"b":{},"_coverageSchema":"332fd63041d2c1bcb487cc26dd0d5f7d97098a6c","hash":"9f13a99d9ba256d04aae78ce058cf3d58d9d9f29"}
,"/Users/zhujohnny/Dropbox/_Engineering/welp-restaurant-details/spec/data/exampleSingleEntryRestaurantInfo.js": {"path":"/Users/zhujohnny/Dropbox/_Engineering/welp-restaurant-details/spec/data/exampleSingleEntryRestaurantInfo.js","statementMap":{"0":{"start":{"line":1,"column":27},"end":{"line":73,"column":1}}},"fnMap":{},"branchMap":{},"s":{"0":3},"f":{},"b":{},"_coverageSchema":"332fd63041d2c1bcb487cc26dd0d5f7d97098a6c","hash":"9ec368385914d70776e93bb0af0edf53b48f963d"}
}
