TN:
SF:/Users/zhujohnny/Dropbox/_Engineering/welp-restaurant-details/client/Details.jsx
FN:4,(anonymous_0)
FN:58,(anonymous_1)
FN:69,(anonymous_2)
FN:70,(anonymous_3)
FN:81,(anonymous_4)
FN:82,(anonymous_5)
FN:93,(anonymous_6)
FN:94,(anonymous_7)
FNF:8
FNH:8
FNDA:1,(anonymous_0)
FNDA:3,(anonymous_1)
FNDA:6,(anonymous_2)
FNDA:2,(anonymous_3)
FNDA:9,(anonymous_4)
FNDA:2,(anonymous_5)
FNDA:5,(anonymous_6)
FNDA:1,(anonymous_7)
DA:4,1
DA:5,1
DA:8,1
DA:11,1
DA:14,1
DA:17,1
DA:20,1
DA:23,1
DA:26,1
DA:29,1
DA:32,1
DA:35,1
DA:41,1
DA:47,1
DA:53,1
DA:58,3
DA:63,1
DA:69,6
DA:70,2
DA:75,1
DA:81,9
DA:82,2
DA:87,1
DA:93,5
DA:94,1
DA:99,1
DA:123,1
DA:168,1
LF:28
LH:28
BRDA:5,0,0,1
BRDA:5,0,1,1
BRDA:6,1,0,0
BRDA:6,1,1,1
BRDA:8,2,0,1
BRDA:8,2,1,1
BRDA:9,3,0,1
BRDA:9,3,1,0
BRDA:11,4,0,1
BRDA:11,4,1,1
BRDA:12,5,0,1
BRDA:12,5,1,0
BRDA:14,6,0,1
BRDA:14,6,1,1
BRDA:15,7,0,1
BRDA:15,7,1,0
BRDA:17,8,0,1
BRDA:17,8,1,1
BRDA:18,9,0,0
BRDA:18,9,1,1
BRDA:20,10,0,1
BRDA:20,10,1,1
BRDA:21,11,0,1
BRDA:21,11,1,0
BRDA:23,12,0,1
BRDA:23,12,1,1
BRDA:24,13,0,1
BRDA:24,13,1,0
BRDA:26,14,0,1
BRDA:26,14,1,1
BRDA:27,15,0,0
BRDA:27,15,1,1
BRDA:29,16,0,1
BRDA:29,16,1,1
BRDA:30,17,0,1
BRDA:30,17,1,0
BRDA:32,18,0,1
BRDA:32,18,1,1
BRDA:33,19,0,1
BRDA:33,19,1,0
BRDA:35,20,0,1
BRDA:35,20,1,1
BRDA:41,21,0,1
BRDA:41,21,1,1
BRDA:47,22,0,1
BRDA:47,22,1,1
BRDA:53,23,0,1
BRDA:53,23,1,1
BRDA:58,24,0,1
BRDA:58,24,1,2
BRDA:63,25,0,1
BRDA:63,25,1,1
BRDA:63,25,2,1
BRDA:75,26,0,1
BRDA:75,26,1,1
BRDA:75,26,2,1
BRDA:87,27,0,1
BRDA:87,27,1,1
BRDA:87,27,2,1
BRF:59
BRH:49
end_of_record
TN:
SF:/Users/zhujohnny/Dropbox/_Engineering/welp-restaurant-details/client/Hours.jsx
FN:12,(anonymous_0)
FN:17,(anonymous_1)
FNF:2
FNH:2
FNDA:2,(anonymous_0)
FNDA:14,(anonymous_1)
DA:5,1
DA:12,1
DA:13,2
DA:18,14
DA:19,14
DA:22,14
DA:23,14
DA:26,2
DA:27,2
DA:28,2
DA:30,14
DA:48,1
LF:12
LH:12
BRDA:19,0,0,4
BRDA:19,0,1,10
BRDA:22,1,0,0
BRDA:22,1,1,14
BRDA:23,2,0,2
BRDA:23,2,1,12
BRDA:34,3,0,14
BRDA:34,3,1,2
BRDA:35,4,0,0
BRDA:35,4,1,2
BRF:10
BRH:8
end_of_record
TN:
SF:/Users/zhujohnny/Dropbox/_Engineering/welp-restaurant-details/client/Summary.jsx
FN:12,(anonymous_0)
FNF:1
FNH:1
FNDA:1,(anonymous_0)
DA:4,1
DA:12,1
DA:13,1
DA:26,1
DA:29,1
DA:32,1
DA:41,1
LF:7
LH:7
BRDA:13,0,0,1
BRDA:13,0,1,0
BRDA:18,1,0,0
BRDA:18,1,1,0
BRDA:26,2,0,1
BRDA:26,2,1,1
BRDA:29,3,0,1
BRDA:29,3,1,1
BRF:8
BRH:5
end_of_record
TN:
SF:/Users/zhujohnny/Dropbox/_Engineering/welp-restaurant-details/spec/setupTests.js
FNF:0
FNH:0
DA:4,3
LF:1
LH:1
BRF:0
BRH:0
end_of_record
TN:
SF:/Users/zhujohnny/Dropbox/_Engineering/welp-restaurant-details/spec/data/exampleSingleEntryRestaurantInfo.js
FNF:0
FNH:0
DA:1,3
LF:1
LH:1
BRF:0
BRH:0
end_of_record
